<?xml version="1.0" encoding="UTF-8"?>
<testsuite name="com.berezin.WebPrak.DAO.EmployeeDAOTest" tests="1" skipped="0" failures="0" errors="0" timestamp="2025-09-28T22:55:12.264Z" hostname="berezinHP" time="1.549">
  <properties/>
  <testcase name="getAllEmployeeByNameTest()" classname="com.berezin.WebPrak.DAO.EmployeeDAOTest" time="1.549"/>
  <system-out><![CDATA[01:55:01.676 [Test worker] INFO org.springframework.test.context.support.AnnotationConfigContextLoaderUtils -- Could not detect default configuration classes for test class [com.berezin.WebPrak.DAO.EmployeeDAOTest]: EmployeeDAOTest does not declare any static, non-private, non-final, nested classes annotated with @Configuration.
01:55:02.091 [Test worker] INFO org.springframework.boot.test.context.SpringBootTestContextBootstrapper -- Found @SpringBootConfiguration com.berezin.WebPrak.WebPrakApplication for test class com.berezin.WebPrak.DAO.EmployeeDAOTest

  .   ____          _            __ _ _
 /\\ / ___'_ __ _ _(_)_ __  __ _ \ \ \ \
( ( )\___ | '_ | '_| | '_ \/ _` | \ \ \ \
 \\/  ___)| |_)| | | | | || (_| |  ) ) ) )
  '  |____| .__|_| |_|_| |_\__, | / / / /
 =========|_|==============|___/=/_/_/_/

 :: Spring Boot ::                (v3.5.6)

2025-09-29T01:55:03.881+03:00  INFO 9220 --- [WebPrak] [    Test worker] c.berezin.WebPrak.DAO.EmployeeDAOTest    : Starting EmployeeDAOTest using Java 17.0.16 with PID 9220 (started by berezin in /home/berezin/Desktop/JabaPrak/WebPrac)
2025-09-29T01:55:03.884+03:00  INFO 9220 --- [WebPrak] [    Test worker] c.berezin.WebPrak.DAO.EmployeeDAOTest    : No active profile set, falling back to 1 default profile: "default"
2025-09-29T01:55:07.586+03:00  INFO 9220 --- [WebPrak] [    Test worker] org.hibernate.Version                    : HHH000412: Hibernate ORM core version 5.6.7.Final
2025-09-29T01:55:08.123+03:00  INFO 9220 --- [WebPrak] [    Test worker] o.hibernate.annotations.common.Version   : HCANN000001: Hibernate Commons Annotations {5.1.2.Final}
2025-09-29T01:55:09.302+03:00  INFO 9220 --- [WebPrak] [    Test worker] org.hibernate.dialect.Dialect            : HHH000400: Using dialect: org.hibernate.dialect.PostgreSQL10Dialect
2025-09-29T01:55:11.089+03:00  INFO 9220 --- [WebPrak] [    Test worker] o.h.e.t.j.p.i.JtaPlatformInitiator       : HHH000490: Using JtaPlatform implementation: [org.hibernate.engine.transaction.jta.platform.internal.NoJtaPlatform]
2025-09-29T01:55:12.214+03:00  INFO 9220 --- [WebPrak] [    Test worker] c.berezin.WebPrak.DAO.EmployeeDAOTest    : Started EmployeeDAOTest in 8.946 seconds (process running for 12.432)
]]></system-out>
  <system-err><![CDATA[[2025.09.29 01:55:06] (Coverage  WARN): Error during class instrumentation: org/springframework/web/servlet/config/annotation/WebMvcConfigurationSupport: java.lang.NoClassDefFoundError: jakarta/validation/ValidatorFactory
]]></system-err>
</testsuite>
