<?xml version="1.0" encoding="UTF-8"?>
<testsuite name="com.berezin.WebPrak.DAO.CommonDAOTest" tests="1" skipped="0" failures="0" errors="0" timestamp="2025-09-28T22:33:15.636Z" hostname="berezinHP" time="0.612">
  <properties/>
  <testcase name="lookDelete()" classname="com.berezin.WebPrak.DAO.CommonDAOTest" time="0.612"/>
  <system-out><![CDATA[01:33:11.991 [Test worker] INFO org.springframework.test.context.support.AnnotationConfigContextLoaderUtils -- Could not detect default configuration classes for test class [com.berezin.WebPrak.DAO.CommonDAOTest]: CommonDAOTest does not declare any static, non-private, non-final, nested classes annotated with @Configuration.
01:33:12.189 [Test worker] INFO org.springframework.boot.test.context.SpringBootTestContextBootstrapper -- Found @SpringBootConfiguration com.berezin.WebPrak.WebPrakApplication for test class com.berezin.WebPrak.DAO.CommonDAOTest

  .   ____          _            __ _ _
 /\\ / ___'_ __ _ _(_)_ __  __ _ \ \ \ \
( ( )\___ | '_ | '_| | '_ \/ _` | \ \ \ \
 \\/  ___)| |_)| | | | | || (_| |  ) ) ) )
  '  |____| .__|_| |_|_| |_\__, | / / / /
 =========|_|==============|___/=/_/_/_/

 :: Spring Boot ::                (v3.5.6)

2025-09-29T01:33:12.868+03:00  INFO 4510 --- [WebPrak] [    Test worker] com.berezin.WebPrak.DAO.CommonDAOTest    : Starting CommonDAOTest using Java 17.0.16 with PID 4510 (started by berezin in /home/berezin/Desktop/JabaPrak/WebPrac)
2025-09-29T01:33:12.870+03:00  INFO 4510 --- [WebPrak] [    Test worker] com.berezin.WebPrak.DAO.CommonDAOTest    : No active profile set, falling back to 1 default profile: "default"
2025-09-29T01:33:13.903+03:00  INFO 4510 --- [WebPrak] [    Test worker] org.hibernate.Version                    : HHH000412: Hibernate ORM core version 5.6.7.Final
2025-09-29T01:33:14.094+03:00  INFO 4510 --- [WebPrak] [    Test worker] o.hibernate.annotations.common.Version   : HCANN000001: Hibernate Commons Annotations {5.1.2.Final}
2025-09-29T01:33:14.577+03:00  INFO 4510 --- [WebPrak] [    Test worker] org.hibernate.dialect.Dialect            : HHH000400: Using dialect: org.hibernate.dialect.PostgreSQL10Dialect
2025-09-29T01:33:15.117+03:00  INFO 4510 --- [WebPrak] [    Test worker] o.h.e.t.j.p.i.JtaPlatformInitiator       : HHH000490: Using JtaPlatform implementation: [org.hibernate.engine.transaction.jta.platform.internal.NoJtaPlatform]
2025-09-29T01:33:15.615+03:00  INFO 4510 --- [WebPrak] [    Test worker] com.berezin.WebPrak.DAO.CommonDAOTest    : Started CommonDAOTest in 3.213 seconds (process running for 4.66)
]]></system-out>
  <system-err><![CDATA[]]></system-err>
</testsuite>
