<?xml version="1.0" encoding="UTF-8"?>
<testsuite name="com.berezin.WebPrak.DAO.EmployeeDAOTest" tests="6" skipped="0" failures="0" errors="0" timestamp="2025-09-28T19:21:21.414Z" hostname="berezinHP" time="2.117">
  <properties/>
  <testcase name="testSaveEmployee()" classname="com.berezin.WebPrak.DAO.EmployeeDAOTest" time="2.026"/>
  <testcase name="testDeleteEmployee()" classname="com.berezin.WebPrak.DAO.EmployeeDAOTest" time="0.003"/>
  <testcase name="testGetAllEmployeeByName()" classname="com.berezin.WebPrak.DAO.EmployeeDAOTest" time="0.035"/>
  <testcase name="testGetSingleEmployeeByName()" classname="com.berezin.WebPrak.DAO.EmployeeDAOTest" time="0.012"/>
  <testcase name="testGetByFilter()" classname="com.berezin.WebPrak.DAO.EmployeeDAOTest" time="0.017"/>
  <testcase name="testUpdateEmployee()" classname="com.berezin.WebPrak.DAO.EmployeeDAOTest" time="0.015"/>
  <system-out><![CDATA[]]></system-out>
  <system-err><![CDATA[]]></system-err>
</testsuite>
